<?xml version="1.0" encoding="UTF-8"?>
<testng-results ignored="0" total="2" passed="2" failed="0" skipped="0">
  <reporter-output>
  </reporter-output>
  <suite started-at="2023-08-08T13:13:55 PDT" name="Suite" finished-at="2023-08-08T13:14:21 PDT" duration-ms="26324">
    <groups>
    </groups>
    <test started-at="2023-08-08T13:13:55 PDT" name="Test" finished-at="2023-08-08T13:14:21 PDT" duration-ms="26324">
      <class name="TestScenarios.LoginScenario">
        <test-method is-config="true" signature="before()[pri:0, instance:TestScenarios.LoginScenario@2e8c1c9b]" started-at="2023-08-08T13:13:56 PDT" name="before" finished-at="2023-08-08T13:14:04 PDT" duration-ms="7980" status="PASS">
          <reporter-output>
          </reporter-output>
        </test-method> <!-- before -->
        <test-method signature="PublishPPI(java.lang.String,java.lang.String)[pri:0, instance:TestScenarios.LoginScenario@2e8c1c9b]" started-at="2023-08-08T13:14:04 PDT" name="PublishPPI" data-provider="testdata1" finished-at="2023-08-08T13:14:06 PDT" duration-ms="1821" status="PASS">
          <params>
            <param index="0">
              <value>
                <![CDATA[testadminppsi@ifood.test]]>
              </value>
            </param>
            <param index="1">
              <value>
                <![CDATA[iFood1234!]]>
              </value>
            </param>
          </params>
          <reporter-output>
          </reporter-output>
        </test-method> <!-- PublishPPI -->
        <test-method is-config="true" signature="aftertest()[pri:0, instance:TestScenarios.LoginScenario@2e8c1c9b]" started-at="2023-08-08T13:14:06 PDT" name="aftertest" finished-at="2023-08-08T13:14:07 PDT" duration-ms="734" status="PASS">
          <reporter-output>
          </reporter-output>
        </test-method> <!-- aftertest -->
        <test-method is-config="true" signature="before()[pri:0, instance:TestScenarios.LoginScenario@2e8c1c9b]" started-at="2023-08-08T13:14:07 PDT" name="before" finished-at="2023-08-08T13:14:13 PDT" duration-ms="5707" status="PASS">
          <reporter-output>
          </reporter-output>
        </test-method> <!-- before -->
        <test-method signature="PublishPPI(java.lang.String,java.lang.String)[pri:0, instance:TestScenarios.LoginScenario@2e8c1c9b]" started-at="2023-08-08T13:14:13 PDT" name="PublishPPI" data-provider="testdata1" finished-at="2023-08-08T13:14:21 PDT" duration-ms="8151" status="PASS">
          <params>
            <param index="0">
              <value>
                <![CDATA[mamac17@ifood.test]]>
              </value>
            </param>
            <param index="1">
              <value>
                <![CDATA[iFood]]>
              </value>
            </param>
          </params>
          <reporter-output>
          </reporter-output>
        </test-method> <!-- PublishPPI -->
        <test-method is-config="true" signature="aftertest()[pri:0, instance:TestScenarios.LoginScenario@2e8c1c9b]" started-at="2023-08-08T13:14:21 PDT" name="aftertest" finished-at="2023-08-08T13:14:21 PDT" duration-ms="517" status="PASS">
          <reporter-output>
          </reporter-output>
        </test-method> <!-- aftertest -->
      </class> <!-- TestScenarios.LoginScenario -->
    </test> <!-- Test -->
  </suite> <!-- Suite -->
</testng-results>
